Determining if the function crc32c_value exists in the crc32c failed with the following output:
Change Dir: /home/meggie/文档/leveldb-master-nvmimm/build/CMakeFiles/CMakeTmp

Run Build Command:"/usr/bin/make" "cmTC_8644c/fast"
/usr/bin/make -f CMakeFiles/cmTC_8644c.dir/build.make CMakeFiles/cmTC_8644c.dir/build
make[1]: Entering directory '/home/meggie/文档/leveldb-master-nvmimm/build/CMakeFiles/CMakeTmp'
Building C object CMakeFiles/cmTC_8644c.dir/CheckFunctionExists.c.o
/usr/bin/cc   -DCHECK_FUNCTION_EXISTS=crc32c_value   -std=c11 -o CMakeFiles/cmTC_8644c.dir/CheckFunctionExists.c.o   -c /usr/local/share/cmake-3.9/Modules/CheckFunctionExists.c
Linking C executable cmTC_8644c
/usr/local/bin/cmake -E cmake_link_script CMakeFiles/cmTC_8644c.dir/link.txt --verbose=1
/usr/bin/cc  -DCHECK_FUNCTION_EXISTS=crc32c_value    CMakeFiles/cmTC_8644c.dir/CheckFunctionExists.c.o  -o cmTC_8644c -lcrc32c 
/usr/bin/ld: 找不到 -lcrc32c
collect2: error: ld returned 1 exit status
CMakeFiles/cmTC_8644c.dir/build.make:97: recipe for target 'cmTC_8644c' failed
make[1]: *** [cmTC_8644c] Error 1
make[1]: Leaving directory '/home/meggie/文档/leveldb-master-nvmimm/build/CMakeFiles/CMakeTmp'
Makefile:126: recipe for target 'cmTC_8644c/fast' failed
make: *** [cmTC_8644c/fast] Error 2


Determining if the function snappy_compress exists in the snappy failed with the following output:
Change Dir: /home/meggie/文档/leveldb-master-nvmimm/build/CMakeFiles/CMakeTmp

Run Build Command:"/usr/bin/make" "cmTC_58083/fast"
/usr/bin/make -f CMakeFiles/cmTC_58083.dir/build.make CMakeFiles/cmTC_58083.dir/build
make[1]: Entering directory '/home/meggie/文档/leveldb-master-nvmimm/build/CMakeFiles/CMakeTmp'
Building C object CMakeFiles/cmTC_58083.dir/CheckFunctionExists.c.o
/usr/bin/cc   -DCHECK_FUNCTION_EXISTS=snappy_compress   -std=c11 -o CMakeFiles/cmTC_58083.dir/CheckFunctionExists.c.o   -c /usr/local/share/cmake-3.9/Modules/CheckFunctionExists.c
Linking C executable cmTC_58083
/usr/local/bin/cmake -E cmake_link_script CMakeFiles/cmTC_58083.dir/link.txt --verbose=1
/usr/bin/cc  -DCHECK_FUNCTION_EXISTS=snappy_compress    CMakeFiles/cmTC_58083.dir/CheckFunctionExists.c.o  -o cmTC_58083 -lsnappy 
/usr/bin/ld: 找不到 -lsnappy
collect2: error: ld returned 1 exit status
CMakeFiles/cmTC_58083.dir/build.make:97: recipe for target 'cmTC_58083' failed
make[1]: *** [cmTC_58083] Error 1
make[1]: Leaving directory '/home/meggie/文档/leveldb-master-nvmimm/build/CMakeFiles/CMakeTmp'
Makefile:126: recipe for target 'cmTC_58083/fast' failed
make: *** [cmTC_58083/fast] Error 2


Determining if the function malloc exists in the tcmalloc failed with the following output:
Change Dir: /home/meggie/文档/leveldb-master-nvmimm/build/CMakeFiles/CMakeTmp

Run Build Command:"/usr/bin/make" "cmTC_4f998/fast"
/usr/bin/make -f CMakeFiles/cmTC_4f998.dir/build.make CMakeFiles/cmTC_4f998.dir/build
make[1]: Entering directory '/home/meggie/文档/leveldb-master-nvmimm/build/CMakeFiles/CMakeTmp'
Building C object CMakeFiles/cmTC_4f998.dir/CheckFunctionExists.c.o
/usr/bin/cc   -DCHECK_FUNCTION_EXISTS=malloc   -std=c11 -o CMakeFiles/cmTC_4f998.dir/CheckFunctionExists.c.o   -c /usr/local/share/cmake-3.9/Modules/CheckFunctionExists.c
<command-line>:0:23: warning: conflicting types for built-in function ‘malloc’
/usr/local/share/cmake-3.9/Modules/CheckFunctionExists.c:7:3: note: in expansion of macro ‘CHECK_FUNCTION_EXISTS’
   CHECK_FUNCTION_EXISTS(void);
   ^
Linking C executable cmTC_4f998
/usr/local/bin/cmake -E cmake_link_script CMakeFiles/cmTC_4f998.dir/link.txt --verbose=1
/usr/bin/cc  -DCHECK_FUNCTION_EXISTS=malloc    CMakeFiles/cmTC_4f998.dir/CheckFunctionExists.c.o  -o cmTC_4f998 -ltcmalloc 
/usr/bin/ld: 找不到 -ltcmalloc
collect2: error: ld returned 1 exit status
CMakeFiles/cmTC_4f998.dir/build.make:97: recipe for target 'cmTC_4f998' failed
make[1]: *** [cmTC_4f998] Error 1
make[1]: Leaving directory '/home/meggie/文档/leveldb-master-nvmimm/build/CMakeFiles/CMakeTmp'
Makefile:126: recipe for target 'cmTC_4f998/fast' failed
make: *** [cmTC_4f998/fast] Error 2


Determining if the F_FULLFSYNC exist failed with the following output:
Change Dir: /home/meggie/文档/leveldb-master-nvmimm/build/CMakeFiles/CMakeTmp

Run Build Command:"/usr/bin/make" "cmTC_62a46/fast"
/usr/bin/make -f CMakeFiles/cmTC_62a46.dir/build.make CMakeFiles/cmTC_62a46.dir/build
make[1]: Entering directory '/home/meggie/文档/leveldb-master-nvmimm/build/CMakeFiles/CMakeTmp'
Building CXX object CMakeFiles/cmTC_62a46.dir/CheckSymbolExists.cxx.o
/usr/bin/c++    -std=c++11 -o CMakeFiles/cmTC_62a46.dir/CheckSymbolExists.cxx.o -c /home/meggie/文档/leveldb-master-nvmimm/build/CMakeFiles/CMakeTmp/CheckSymbolExists.cxx
/home/meggie/文档/leveldb-master-nvmimm/build/CMakeFiles/CMakeTmp/CheckSymbolExists.cxx: In function ‘int main(int, char**)’:
/home/meggie/文档/leveldb-master-nvmimm/build/CMakeFiles/CMakeTmp/CheckSymbolExists.cxx:8:19: error: ‘F_FULLFSYNC’ was not declared in this scope
   return ((int*)(&F_FULLFSYNC))[argc];
                   ^
CMakeFiles/cmTC_62a46.dir/build.make:65: recipe for target 'CMakeFiles/cmTC_62a46.dir/CheckSymbolExists.cxx.o' failed
make[1]: *** [CMakeFiles/cmTC_62a46.dir/CheckSymbolExists.cxx.o] Error 1
make[1]: Leaving directory '/home/meggie/文档/leveldb-master-nvmimm/build/CMakeFiles/CMakeTmp'
Makefile:126: recipe for target 'cmTC_62a46/fast' failed
make: *** [cmTC_62a46/fast] Error 2

File /home/meggie/文档/leveldb-master-nvmimm/build/CMakeFiles/CMakeTmp/CheckSymbolExists.cxx:
/* */
#include <fcntl.h>

int main(int argc, char** argv)
{
  (void)argv;
#ifndef F_FULLFSYNC
  return ((int*)(&F_FULLFSYNC))[argc];
#else
  (void)argc;
  return 0;
#endif
}

Performing C++ SOURCE FILE Test HAVE_CLANG_THREAD_SAFETY failed with the following output:
Change Dir: /home/meggie/文档/leveldb-master-nvmimm/build/CMakeFiles/CMakeTmp

Run Build Command:"/usr/bin/make" "cmTC_a899b/fast"
/usr/bin/make -f CMakeFiles/cmTC_a899b.dir/build.make CMakeFiles/cmTC_a899b.dir/build
make[1]: Entering directory '/home/meggie/文档/leveldb-master-nvmimm/build/CMakeFiles/CMakeTmp'
Building CXX object CMakeFiles/cmTC_a899b.dir/src.cxx.o
/usr/bin/c++    -DHAVE_CLANG_THREAD_SAFETY -Werror   -std=c++11 -o CMakeFiles/cmTC_a899b.dir/src.cxx.o -c /home/meggie/文档/leveldb-master-nvmimm/build/CMakeFiles/CMakeTmp/src.cxx
/home/meggie/文档/leveldb-master-nvmimm/build/CMakeFiles/CMakeTmp/src.cxx:2:34: error: ‘lockable’ attribute directive ignored [-Werror=attributes]
 struct __attribute__((lockable)) Lock {
                                  ^
/home/meggie/文档/leveldb-master-nvmimm/build/CMakeFiles/CMakeTmp/src.cxx:3:59: error: ‘exclusive_lock_function’ attribute directive ignored [-Werror=attributes]
   void Acquire() __attribute__((exclusive_lock_function()));
                                                           ^
/home/meggie/文档/leveldb-master-nvmimm/build/CMakeFiles/CMakeTmp/src.cxx:4:51: error: ‘unlock_function’ attribute directive ignored [-Werror=attributes]
   void Release() __attribute__((unlock_function()));
                                                   ^
/home/meggie/文档/leveldb-master-nvmimm/build/CMakeFiles/CMakeTmp/src.cxx:8:46: error: ‘guarded_by’ attribute directive ignored [-Werror=attributes]
   int data_ __attribute__((guarded_by(lock_)));
                                              ^
cc1plus: all warnings being treated as errors
CMakeFiles/cmTC_a899b.dir/build.make:65: recipe for target 'CMakeFiles/cmTC_a899b.dir/src.cxx.o' failed
make[1]: *** [CMakeFiles/cmTC_a899b.dir/src.cxx.o] Error 1
make[1]: Leaving directory '/home/meggie/文档/leveldb-master-nvmimm/build/CMakeFiles/CMakeTmp'
Makefile:126: recipe for target 'cmTC_a899b/fast' failed
make: *** [cmTC_a899b/fast] Error 2

Source file was:

struct __attribute__((lockable)) Lock {
  void Acquire() __attribute__((exclusive_lock_function()));
  void Release() __attribute__((unlock_function()));
};
struct ThreadSafeType {
  Lock lock_;
  int data_ __attribute__((guarded_by(lock_)));
};
int main() { return 0; }

Determining if the pthread_create exist failed with the following output:
Change Dir: /home/meggie/文档/leveldb-master-nvmimm/build/CMakeFiles/CMakeTmp

Run Build Command:"/usr/bin/make" "cmTC_318ac/fast"
/usr/bin/make -f CMakeFiles/cmTC_318ac.dir/build.make CMakeFiles/cmTC_318ac.dir/build
make[1]: Entering directory '/home/meggie/文档/leveldb-master-nvmimm/build/CMakeFiles/CMakeTmp'
Building C object CMakeFiles/cmTC_318ac.dir/CheckSymbolExists.c.o
/usr/bin/cc   -std=c11 -o CMakeFiles/cmTC_318ac.dir/CheckSymbolExists.c.o   -c /home/meggie/文档/leveldb-master-nvmimm/build/CMakeFiles/CMakeTmp/CheckSymbolExists.c
Linking C executable cmTC_318ac
/usr/local/bin/cmake -E cmake_link_script CMakeFiles/cmTC_318ac.dir/link.txt --verbose=1
/usr/bin/cc      CMakeFiles/cmTC_318ac.dir/CheckSymbolExists.c.o  -o cmTC_318ac 
CMakeFiles/cmTC_318ac.dir/CheckSymbolExists.c.o：在函数‘main’中：
CheckSymbolExists.c:(.text+0x16)：对‘pthread_create’未定义的引用
collect2: error: ld returned 1 exit status
CMakeFiles/cmTC_318ac.dir/build.make:97: recipe for target 'cmTC_318ac' failed
make[1]: *** [cmTC_318ac] Error 1
make[1]: Leaving directory '/home/meggie/文档/leveldb-master-nvmimm/build/CMakeFiles/CMakeTmp'
Makefile:126: recipe for target 'cmTC_318ac/fast' failed
make: *** [cmTC_318ac/fast] Error 2

File /home/meggie/文档/leveldb-master-nvmimm/build/CMakeFiles/CMakeTmp/CheckSymbolExists.c:
/* */
#include <pthread.h>

int main(int argc, char** argv)
{
  (void)argv;
#ifndef pthread_create
  return ((int*)(&pthread_create))[argc];
#else
  (void)argc;
  return 0;
#endif
}

Determining if the function pthread_create exists in the pthreads failed with the following output:
Change Dir: /home/meggie/文档/leveldb-master-nvmimm/build/CMakeFiles/CMakeTmp

Run Build Command:"/usr/bin/make" "cmTC_0cfbd/fast"
/usr/bin/make -f CMakeFiles/cmTC_0cfbd.dir/build.make CMakeFiles/cmTC_0cfbd.dir/build
make[1]: Entering directory '/home/meggie/文档/leveldb-master-nvmimm/build/CMakeFiles/CMakeTmp'
Building C object CMakeFiles/cmTC_0cfbd.dir/CheckFunctionExists.c.o
/usr/bin/cc   -DCHECK_FUNCTION_EXISTS=pthread_create   -std=c11 -o CMakeFiles/cmTC_0cfbd.dir/CheckFunctionExists.c.o   -c /usr/local/share/cmake-3.9/Modules/CheckFunctionExists.c
Linking C executable cmTC_0cfbd
/usr/local/bin/cmake -E cmake_link_script CMakeFiles/cmTC_0cfbd.dir/link.txt --verbose=1
/usr/bin/cc  -DCHECK_FUNCTION_EXISTS=pthread_create    CMakeFiles/cmTC_0cfbd.dir/CheckFunctionExists.c.o  -o cmTC_0cfbd -lpthreads 
/usr/bin/ld: 找不到 -lpthreads
collect2: error: ld returned 1 exit status
CMakeFiles/cmTC_0cfbd.dir/build.make:97: recipe for target 'cmTC_0cfbd' failed
make[1]: *** [cmTC_0cfbd] Error 1
make[1]: Leaving directory '/home/meggie/文档/leveldb-master-nvmimm/build/CMakeFiles/CMakeTmp'
Makefile:126: recipe for target 'cmTC_0cfbd/fast' failed
make: *** [cmTC_0cfbd/fast] Error 2


Determining if the function sqlite3_open exists in the sqlite3 failed with the following output:
Change Dir: /home/meggie/文档/leveldb-master-nvmimm/build/CMakeFiles/CMakeTmp

Run Build Command:"/usr/bin/make" "cmTC_1e1f5/fast"
/usr/bin/make -f CMakeFiles/cmTC_1e1f5.dir/build.make CMakeFiles/cmTC_1e1f5.dir/build
make[1]: Entering directory '/home/meggie/文档/leveldb-master-nvmimm/build/CMakeFiles/CMakeTmp'
Building C object CMakeFiles/cmTC_1e1f5.dir/CheckFunctionExists.c.o
/usr/bin/cc   -DCHECK_FUNCTION_EXISTS=sqlite3_open   -std=c11 -o CMakeFiles/cmTC_1e1f5.dir/CheckFunctionExists.c.o   -c /usr/local/share/cmake-3.9/Modules/CheckFunctionExists.c
Linking C executable cmTC_1e1f5
/usr/local/bin/cmake -E cmake_link_script CMakeFiles/cmTC_1e1f5.dir/link.txt --verbose=1
/usr/bin/cc  -DCHECK_FUNCTION_EXISTS=sqlite3_open    CMakeFiles/cmTC_1e1f5.dir/CheckFunctionExists.c.o  -o cmTC_1e1f5 -lsqlite3 
/usr/bin/ld: 找不到 -lsqlite3
collect2: error: ld returned 1 exit status
CMakeFiles/cmTC_1e1f5.dir/build.make:97: recipe for target 'cmTC_1e1f5' failed
make[1]: *** [cmTC_1e1f5] Error 1
make[1]: Leaving directory '/home/meggie/文档/leveldb-master-nvmimm/build/CMakeFiles/CMakeTmp'
Makefile:126: recipe for target 'cmTC_1e1f5/fast' failed
make: *** [cmTC_1e1f5/fast] Error 2


Performing C++ SOURCE FILE Test HAVE_KYOTOCABINET failed with the following output:
Change Dir: /home/meggie/文档/leveldb-master-nvmimm/build/CMakeFiles/CMakeTmp

Run Build Command:"/usr/bin/make" "cmTC_54669/fast"
/usr/bin/make -f CMakeFiles/cmTC_54669.dir/build.make CMakeFiles/cmTC_54669.dir/build
make[1]: Entering directory '/home/meggie/文档/leveldb-master-nvmimm/build/CMakeFiles/CMakeTmp'
Building CXX object CMakeFiles/cmTC_54669.dir/src.cxx.o
/usr/bin/c++    -DHAVE_KYOTOCABINET   -std=c++11 -o CMakeFiles/cmTC_54669.dir/src.cxx.o -c /home/meggie/文档/leveldb-master-nvmimm/build/CMakeFiles/CMakeTmp/src.cxx
/home/meggie/文档/leveldb-master-nvmimm/build/CMakeFiles/CMakeTmp/src.cxx:2:22: fatal error: kcpolydb.h: 没有那个文件或目录
compilation terminated.
CMakeFiles/cmTC_54669.dir/build.make:65: recipe for target 'CMakeFiles/cmTC_54669.dir/src.cxx.o' failed
make[1]: *** [CMakeFiles/cmTC_54669.dir/src.cxx.o] Error 1
make[1]: Leaving directory '/home/meggie/文档/leveldb-master-nvmimm/build/CMakeFiles/CMakeTmp'
Makefile:126: recipe for target 'cmTC_54669/fast' failed
make: *** [cmTC_54669/fast] Error 2

Source file was:

#include <kcpolydb.h>

int main() {
  kyotocabinet::TreeDB* db = new kyotocabinet::TreeDB();
  delete db;
  return 0;
}
  
